<?xml version="1.0" encoding="UTF-8"?>
<!-- Generated by org.testng.reporters.JUnitReportReporter -->
<testsuite hostname="Apple-PC" name="Academy.HomePage" tests="1" failures="0" timestamp="3 Apr 2019 19:52:16 GMT" time="0.000" errors="1">
  <testcase name="basepageNavigation" time="0.000" classname="Academy.HomePage">
    <error type="org.testng.TestNGException" message="
Some DataProvider public static java.lang.Object[][] Resources.dataproviderClass.getData(org.apache.bcel.classfile.Method) parameters unresolved:  at 1 type class org.apache.bcel.classfile.Method
">
      <![CDATA[org.testng.TestNGException: 
Some DataProvider public static java.lang.Object[][] Resources.dataproviderClass.getData(org.apache.bcel.classfile.Method) parameters unresolved:  at 1 type class org.apache.bcel.classfile.Method

	at org.testng.internal.MethodInvocationHelper.invokeDataProvider(MethodInvocationHelper.java:129)
	at org.testng.internal.Parameters.handleParameters(Parameters.java:441)
	at org.testng.internal.Invoker.handleParameters(Invoker.java:1300)
	at org.testng.internal.Invoker.createParameters(Invoker.java:1015)
	at org.testng.internal.Invoker.invokeTestMethods(Invoker.java:1104)
	at org.testng.internal.TestMethodWorker.invokeTestMethods(TestMethodWorker.java:125)
	at org.testng.internal.TestMethodWorker.run(TestMethodWorker.java:108)
	at org.testng.TestRunner.privateRun(TestRunner.java:771)
	at org.testng.TestRunner.run(TestRunner.java:621)
	at org.testng.SuiteRunner.runTest(SuiteRunner.java:357)
	at org.testng.SuiteRunner.runSequentially(SuiteRunner.java:352)
	at org.testng.SuiteRunner.privateRun(SuiteRunner.java:310)
	at org.testng.SuiteRunner.run(SuiteRunner.java:259)
	at org.testng.SuiteRunnerWorker.runSuite(SuiteRunnerWorker.java:52)
	at org.testng.SuiteRunnerWorker.run(SuiteRunnerWorker.java:86)
	at org.testng.TestNG.runSuitesSequentially(TestNG.java:1199)
	at org.testng.TestNG.runSuitesLocally(TestNG.java:1124)
	at org.testng.TestNG.run(TestNG.java:1032)
	at org.testng.remote.AbstractRemoteTestNG.run(AbstractRemoteTestNG.java:114)
	at org.testng.remote.RemoteTestNG.initAndRun(RemoteTestNG.java:251)
	at org.testng.remote.RemoteTestNG.main(RemoteTestNG.java:77)
]]>
    </error>
  </testcase> <!-- basepageNavigation -->
</testsuite> <!-- Academy.HomePage -->
